<?xml version="1.0" encoding="UTF-8"?>
<testng-results skipped="0" failed="0" ignored="0" total="1" passed="1">
  <reporter-output>
  </reporter-output>
  <suite name="Surefire suite" duration-ms="78" started-at="2019-08-29T17:10:15 IST" finished-at="2019-08-29T17:10:15 IST">
    <groups>
    </groups>
    <test name="Surefire test" duration-ms="78" started-at="2019-08-29T17:10:15 IST" finished-at="2019-08-29T17:10:15 IST">
      <class name="Ashwil_mavenGroup.SeleniumTest">
        <test-method status="PASS" signature="testmethod()[pri:0, instance:Ashwil_mavenGroup.SeleniumTest@47c62251]" name="testmethod" duration-ms="15" started-at="2019-08-29T17:10:15 IST" finished-at="2019-08-29T17:10:15 IST">
          <reporter-output>
          </reporter-output>
        </test-method> <!-- testmethod -->
      </class> <!-- Ashwil_mavenGroup.SeleniumTest -->
    </test> <!-- Surefire test -->
  </suite> <!-- Surefire suite -->
</testng-results>
